<?xml version="1.0" encoding="UTF-8"?>
<!-- Generated by org.testng.reporters.JUnitXMLReporter -->
<testsuite ignored="0" hostname="DESKTOP-T97NK7Q" failures="0" tests="4" name="test" time="3.226" errors="0" timestamp="2020-06-11T21:03:50 MSK">
  <testcase classname="dins.com.post.Tests_POST" name="test_POST_createUser_withRequiredField_positive" time="1.844"/>
  <testcase classname="dins.com.post.Tests_POST" name="test_POST_createUser_withNonRequiredField_negative" time="0.086"/>
  <testcase classname="dins.com.get.Tests_GET" name="test_GET_getUsers_positive" time="0.03"/>
  <testcase classname="dins.com.get.Tests_GET" name="test_GET_getUsersById_negative" time="0.024"/>
</testsuite> <!-- test -->
