-------------------------------------------------------------------------------
Test set: dins.com.post.Tests_POST
-------------------------------------------------------------------------------
Tests run: 1, Failures: 1, Errors: 0, Skipped: 0, Time elapsed: 3.377 s <<< FAILURE! - in dins.com.post.Tests_POST
test_POST(dins.com.post.Tests_POST)  Time elapsed: 2.986 s  <<< FAILURE!
java.lang.AssertionError: 
1 expectation failed.
JSON path id doesn't match.
Expected: <10>
  Actual: 3

	at dins.com.post.Tests_POST.test_POST(Tests_POST.java:25)

