<?xml version="1.0" encoding="UTF-8"?>
<testsuite xmlns:xsi="http://www.w3.org/2001/XMLSchema-instance" xsi:noNamespaceSchemaLocation="https://maven.apache.org/surefire/maven-surefire-plugin/xsd/surefire-test-report.xsd" name="dins.com.post.Tests_POST" time="3.377" tests="1" errors="0" skipped="0" failures="1">
  <properties>
[...]
</properties>
  <testcase name="test_POST" classname="dins.com.post.Tests_POST" time="2.986">
    <failure message="1 expectation failed.&#10;JSON path id doesn&apos;t match.&#10;Expected: &lt;10&gt;&#10;  Actual: 3&#10;" type="java.lang.AssertionError"><![CDATA[java.lang.AssertionError: 
1 expectation failed.
JSON path id doesn't match.
Expected: <10>
  Actual: 3

	at dins.com.post.Tests_POST.test_POST(Tests_POST.java:25)
]]></failure>
  </testcase>
</testsuite>