<?xml version="1.0" encoding="UTF-8"?>
<testng-results ignored="0" total="4" passed="4" failed="0" skipped="0">
  <reporter-output>
  </reporter-output>
  <suite started-at="2020-06-11T21:03:46 MSK" name="test_POST_PUT" finished-at="2020-06-11T21:03:50 MSK" duration-ms="3226">
    <groups>
    </groups>
    <test started-at="2020-06-11T21:03:46 MSK" name="test" finished-at="2020-06-11T21:03:50 MSK" duration-ms="3226">
      <class name="dins.com.post.Tests_POST">
        <test-method is-config="true" signature="setupRequestSpecBuilder()[pri:0, instance:dins.com.post.Tests_POST@7eecb5b8]" started-at="2020-06-11T21:03:46 MSK" name="setupRequestSpecBuilder" finished-at="2020-06-11T21:03:47 MSK" duration-ms="969" status="PASS">
          <reporter-output>
          </reporter-output>
        </test-method> <!-- setupRequestSpecBuilder -->
        <test-method signature="test_POST_createUser_withRequiredField_positive(java.lang.String, java.lang.String)[pri:0, instance:dins.com.post.Tests_POST@7eecb5b8]" started-at="2020-06-11T21:03:47 MSK" name="test_POST_createUser_withRequiredField_positive" finished-at="2020-06-11T21:03:49 MSK" duration-ms="1844" status="PASS">
          <params>
            <param index="0">
              <value>
                <![CDATA[firstName]]>
              </value>
            </param>
            <param index="1">
              <value>
                <![CDATA[Alex]]>
              </value>
            </param>
          </params>
          <reporter-output>
          </reporter-output>
        </test-method> <!-- test_POST_createUser_withRequiredField_positive -->
        <test-method is-config="true" signature="delete_testing_items()[pri:0, instance:dins.com.post.Tests_POST@7eecb5b8]" started-at="2020-06-11T21:03:49 MSK" name="delete_testing_items" finished-at="2020-06-11T21:03:49 MSK" duration-ms="123" status="PASS">
          <reporter-output>
          </reporter-output>
        </test-method> <!-- delete_testing_items -->
        <test-method signature="test_POST_createUser_withNonRequiredField_negative(java.lang.String, java.lang.String)[pri:0, instance:dins.com.post.Tests_POST@7eecb5b8]" started-at="2020-06-11T21:03:49 MSK" name="test_POST_createUser_withNonRequiredField_negative" finished-at="2020-06-11T21:03:49 MSK" duration-ms="86" status="PASS">
          <params>
            <param index="0">
              <value>
                <![CDATA[lastName]]>
              </value>
            </param>
            <param index="1">
              <value>
                <![CDATA[Alex]]>
              </value>
            </param>
          </params>
          <reporter-output>
          </reporter-output>
        </test-method> <!-- test_POST_createUser_withNonRequiredField_negative -->
        <test-method is-config="true" signature="delete_testing_items()[pri:0, instance:dins.com.post.Tests_POST@7eecb5b8]" started-at="2020-06-11T21:03:49 MSK" name="delete_testing_items" finished-at="2020-06-11T21:03:49 MSK" duration-ms="111" status="PASS">
          <reporter-output>
          </reporter-output>
        </test-method> <!-- delete_testing_items -->
      </class> <!-- dins.com.post.Tests_POST -->
      <class name="dins.com.get.Tests_GET">
        <test-method is-config="true" signature="setupRequestSpecBuilder()[pri:0, instance:dins.com.get.Tests_GET@126253fd]" started-at="2020-06-11T21:03:49 MSK" name="setupRequestSpecBuilder" finished-at="2020-06-11T21:03:49 MSK" duration-ms="1" status="PASS">
          <reporter-output>
          </reporter-output>
        </test-method> <!-- setupRequestSpecBuilder -->
        <test-method signature="test_GET_getUsers_positive()[pri:0, instance:dins.com.get.Tests_GET@126253fd]" started-at="2020-06-11T21:03:49 MSK" name="test_GET_getUsers_positive" finished-at="2020-06-11T21:03:50 MSK" duration-ms="30" status="PASS">
          <reporter-output>
          </reporter-output>
        </test-method> <!-- test_GET_getUsers_positive -->
        <test-method signature="test_GET_getUsersById_negative(java.lang.String)[pri:0, instance:dins.com.get.Tests_GET@126253fd]" started-at="2020-06-11T21:03:50 MSK" name="test_GET_getUsersById_negative" finished-at="2020-06-11T21:03:50 MSK" duration-ms="24" status="PASS">
          <params>
            <param index="0">
              <value>
                <![CDATA[a]]>
              </value>
            </param>
          </params>
          <reporter-output>
          </reporter-output>
        </test-method> <!-- test_GET_getUsersById_negative -->
      </class> <!-- dins.com.get.Tests_GET -->
    </test> <!-- test -->
  </suite> <!-- test_POST_PUT -->
</testng-results>
